0 info it worked if it ends with ok
1 verbose cli [ '/usr/bin/nodejs',
1 verbose cli   '/usr/bin/npm',
1 verbose cli   'install',
1 verbose cli   'grunt',
1 verbose cli   '--save-dev' ]
2 info using npm@3.9.3
3 info using node@v6.2.1
4 silly loadCurrentTree Starting
5 silly install loadCurrentTree
6 silly install readLocalPackageData
7 silly fetchPackageMetaData grunt@^1.0.1
8 silly fetchNamedPackageData grunt
9 silly mapToRegistry name grunt
10 silly mapToRegistry using default registry
11 silly mapToRegistry registry https://registry.npmjs.org/
12 silly mapToRegistry data Result {
12 silly mapToRegistry   raw: 'grunt',
12 silly mapToRegistry   scope: null,
12 silly mapToRegistry   name: 'grunt',
12 silly mapToRegistry   rawSpec: '',
12 silly mapToRegistry   spec: 'latest',
12 silly mapToRegistry   type: 'tag' }
13 silly mapToRegistry uri https://registry.npmjs.org/grunt
14 verbose request uri https://registry.npmjs.org/grunt
15 verbose request no auth needed
16 info attempt registry request try #1 at 20:30:55
17 verbose request id b9757d980a793e99
18 verbose etag "DX4EW3MTINW3X4YEQCBRRWVQZ"
19 http request GET https://registry.npmjs.org/grunt
20 http 200 https://registry.npmjs.org/grunt
21 verbose headers { server: 'CouchDB/1.5.0 (Erlang OTP/R16B03)',
21 verbose headers   etag: '"7DK16755GB4M0S8PXJJ1O8T4N"',
21 verbose headers   'content-type': 'application/json',
21 verbose headers   'content-encoding': 'gzip',
21 verbose headers   'cache-control': 'max-age=300',
21 verbose headers   'content-length': '13004',
21 verbose headers   'accept-ranges': 'bytes',
21 verbose headers   date: 'Tue, 07 Jun 2016 23:30:56 GMT',
21 verbose headers   via: '1.1 varnish',
21 verbose headers   age: '128',
21 verbose headers   connection: 'keep-alive',
21 verbose headers   'x-served-by': 'cache-sjc3122-SJC',
21 verbose headers   'x-cache': 'HIT',
21 verbose headers   'x-cache-hits': '6',
21 verbose headers   'x-timer': 'S1465342256.610737,VS0,VE0',
21 verbose headers   vary: 'Accept-Encoding' }
22 silly get cb [ 200,
22 silly get   { server: 'CouchDB/1.5.0 (Erlang OTP/R16B03)',
22 silly get     etag: '"7DK16755GB4M0S8PXJJ1O8T4N"',
22 silly get     'content-type': 'application/json',
22 silly get     'content-encoding': 'gzip',
22 silly get     'cache-control': 'max-age=300',
22 silly get     'content-length': '13004',
22 silly get     'accept-ranges': 'bytes',
22 silly get     date: 'Tue, 07 Jun 2016 23:30:56 GMT',
22 silly get     via: '1.1 varnish',
22 silly get     age: '128',
22 silly get     connection: 'keep-alive',
22 silly get     'x-served-by': 'cache-sjc3122-SJC',
22 silly get     'x-cache': 'HIT',
22 silly get     'x-cache-hits': '6',
22 silly get     'x-timer': 'S1465342256.610737,VS0,VE0',
22 silly get     vary: 'Accept-Encoding' } ]
23 verbose get saving grunt to /home/andrrrl/.npm/registry.npmjs.org/grunt/.cache.json
24 verbose correctMkdir /home/andrrrl/.npm correctMkdir not in flight; initializing
25 silly install normalizeTree
26 silly loadCurrentTree Finishing
27 silly loadIdealTree Starting
28 silly install loadIdealTree
29 silly cloneCurrentTree Starting
30 silly install cloneCurrentTreeToIdealTree
31 silly cloneCurrentTree Finishing
32 silly loadShrinkwrap Starting
33 silly install loadShrinkwrap
34 silly loadShrinkwrap Finishing
35 silly loadAllDepsIntoIdealTree Starting
36 silly install loadAllDepsIntoIdealTree
37 silly resolveWithNewModule grunt@1.0.1 checking installable status
38 silly cache add args [ 'grunt@^1.0.1', null ]
39 verbose cache add spec grunt@^1.0.1
40 silly cache add parsed spec Result {
40 silly cache add   raw: 'grunt@^1.0.1',
40 silly cache add   scope: null,
40 silly cache add   name: 'grunt',
40 silly cache add   rawSpec: '^1.0.1',
40 silly cache add   spec: '>=1.0.1 <2.0.0',
40 silly cache add   type: 'range' }
41 silly addNamed grunt@>=1.0.1 <2.0.0
42 verbose addNamed ">=1.0.1 <2.0.0" is a valid semver range for grunt
43 silly addNameRange { name: 'grunt', range: '>=1.0.1 <2.0.0', hasData: false }
44 silly mapToRegistry name grunt
45 silly mapToRegistry using default registry
46 silly mapToRegistry registry https://registry.npmjs.org/
47 silly mapToRegistry data Result {
47 silly mapToRegistry   raw: 'grunt',
47 silly mapToRegistry   scope: null,
47 silly mapToRegistry   name: 'grunt',
47 silly mapToRegistry   rawSpec: '',
47 silly mapToRegistry   spec: 'latest',
47 silly mapToRegistry   type: 'tag' }
48 silly mapToRegistry uri https://registry.npmjs.org/grunt
49 verbose addNameRange registry:https://registry.npmjs.org/grunt not in flight; fetching
50 verbose get https://registry.npmjs.org/grunt not expired, no request
51 silly addNameRange number 2 { name: 'grunt', range: '>=1.0.1 <2.0.0', hasData: true }
52 silly addNameRange versions [ 'grunt',
52 silly addNameRange   [ '0.1.0',
52 silly addNameRange     '0.1.1',
52 silly addNameRange     '0.1.2',
52 silly addNameRange     '0.2.0',
52 silly addNameRange     '0.2.1',
52 silly addNameRange     '0.2.2',
52 silly addNameRange     '0.2.3',
52 silly addNameRange     '0.2.4',
52 silly addNameRange     '0.2.5',
52 silly addNameRange     '0.2.6',
52 silly addNameRange     '0.2.7',
52 silly addNameRange     '0.2.8',
52 silly addNameRange     '0.2.9',
52 silly addNameRange     '0.2.10',
52 silly addNameRange     '0.2.11',
52 silly addNameRange     '0.2.12',
52 silly addNameRange     '0.2.13',
52 silly addNameRange     '0.2.14',
52 silly addNameRange     '0.2.15',
52 silly addNameRange     '0.3.0',
52 silly addNameRange     '0.3.1',
52 silly addNameRange     '0.3.2',
52 silly addNameRange     '0.3.3',
52 silly addNameRange     '0.3.4',
52 silly addNameRange     '0.3.5',
52 silly addNameRange     '0.3.6',
52 silly addNameRange     '0.3.7',
52 silly addNameRange     '0.3.8',
52 silly addNameRange     '0.3.9',
52 silly addNameRange     '0.3.10',
52 silly addNameRange     '0.3.11',
52 silly addNameRange     '0.3.12',
52 silly addNameRange     '0.3.13',
52 silly addNameRange     '0.3.14',
52 silly addNameRange     '0.3.15',
52 silly addNameRange     '0.3.16',
52 silly addNameRange     '0.3.17',
52 silly addNameRange     '0.4.0',
52 silly addNameRange     '0.4.1',
52 silly addNameRange     '0.4.2',
52 silly addNameRange     '0.4.3',
52 silly addNameRange     '0.4.4',
52 silly addNameRange     '0.4.5',
52 silly addNameRange     '1.0.0-rc1',
52 silly addNameRange     '1.0.0',
52 silly addNameRange     '1.0.1',
52 silly addNameRange     '0.3.13-a',
52 silly addNameRange     '0.4.0-a',
52 silly addNameRange     '0.4.0-rc1',
52 silly addNameRange     '0.4.0-rc2',
52 silly addNameRange     '0.4.0-rc3',
52 silly addNameRange     '0.4.0-rc4',
52 silly addNameRange     '0.4.0-rc5',
52 silly addNameRange     '0.4.0-rc6',
52 silly addNameRange     '0.4.0-rc7',
52 silly addNameRange     '0.4.0-rc8' ] ]
53 silly addNamed grunt@1.0.1
54 verbose addNamed "1.0.1" is a plain semver version for grunt
55 silly cache afterAdd grunt@1.0.1
56 verbose afterAdd /home/andrrrl/.npm/grunt/1.0.1/package/package.json not in flight; writing
57 verbose correctMkdir /home/andrrrl/.npm correctMkdir not in flight; initializing
58 verbose afterAdd /home/andrrrl/.npm/grunt/1.0.1/package/package.json written
59 silly fetchNamedPackageData grunt-cli
60 silly mapToRegistry name grunt-cli
61 silly mapToRegistry using default registry
62 silly mapToRegistry registry https://registry.npmjs.org/
63 silly mapToRegistry data Result {
63 silly mapToRegistry   raw: 'grunt-cli',
63 silly mapToRegistry   scope: null,
63 silly mapToRegistry   name: 'grunt-cli',
63 silly mapToRegistry   rawSpec: '',
63 silly mapToRegistry   spec: 'latest',
63 silly mapToRegistry   type: 'tag' }
64 silly mapToRegistry uri https://registry.npmjs.org/grunt-cli
65 verbose request uri https://registry.npmjs.org/grunt-cli
66 verbose request no auth needed
67 info attempt registry request try #1 at 20:30:57
68 verbose etag "2S0YL18LTZFJY36DO0JI4QSHL"
69 http request GET https://registry.npmjs.org/grunt-cli
70 http 304 https://registry.npmjs.org/grunt-cli
71 verbose headers { date: 'Tue, 07 Jun 2016 23:30:57 GMT',
71 verbose headers   via: '1.1 varnish',
71 verbose headers   'cache-control': 'max-age=300',
71 verbose headers   etag: '"2S0YL18LTZFJY36DO0JI4QSHL"',
71 verbose headers   age: '281',
71 verbose headers   connection: 'keep-alive',
71 verbose headers   'x-served-by': 'cache-sjc3122-SJC',
71 verbose headers   'x-cache': 'HIT',
71 verbose headers   'x-cache-hits': '11',
71 verbose headers   'x-timer': 'S1465342257.754754,VS0,VE0',
71 verbose headers   vary: 'Accept-Encoding' }
72 silly get cb [ 304,
72 silly get   { date: 'Tue, 07 Jun 2016 23:30:57 GMT',
72 silly get     via: '1.1 varnish',
72 silly get     'cache-control': 'max-age=300',
72 silly get     etag: '"2S0YL18LTZFJY36DO0JI4QSHL"',
72 silly get     age: '281',
72 silly get     connection: 'keep-alive',
72 silly get     'x-served-by': 'cache-sjc3122-SJC',
72 silly get     'x-cache': 'HIT',
72 silly get     'x-cache-hits': '11',
72 silly get     'x-timer': 'S1465342257.754754,VS0,VE0',
72 silly get     vary: 'Accept-Encoding' } ]
73 verbose etag https://registry.npmjs.org/grunt-cli from cache
74 verbose get saving grunt-cli to /home/andrrrl/.npm/registry.npmjs.org/grunt-cli/.cache.json
75 verbose correctMkdir /home/andrrrl/.npm correctMkdir not in flight; initializing
76 silly resolveWithNewModule grunt-cli@1.2.0 checking installable status
77 silly cache add args [ 'grunt-cli@~1.2.0', null ]
78 verbose cache add spec grunt-cli@~1.2.0
79 silly cache add parsed spec Result {
79 silly cache add   raw: 'grunt-cli@~1.2.0',
79 silly cache add   scope: null,
79 silly cache add   name: 'grunt-cli',
79 silly cache add   rawSpec: '~1.2.0',
79 silly cache add   spec: '>=1.2.0 <1.3.0',
79 silly cache add   type: 'range' }
80 silly addNamed grunt-cli@>=1.2.0 <1.3.0
81 verbose addNamed ">=1.2.0 <1.3.0" is a valid semver range for grunt-cli
82 silly addNameRange { name: 'grunt-cli', range: '>=1.2.0 <1.3.0', hasData: false }
83 silly mapToRegistry name grunt-cli
84 silly mapToRegistry using default registry
85 silly mapToRegistry registry https://registry.npmjs.org/
86 silly mapToRegistry data Result {
86 silly mapToRegistry   raw: 'grunt-cli',
86 silly mapToRegistry   scope: null,
86 silly mapToRegistry   name: 'grunt-cli',
86 silly mapToRegistry   rawSpec: '',
86 silly mapToRegistry   spec: 'latest',
86 silly mapToRegistry   type: 'tag' }
87 silly mapToRegistry uri https://registry.npmjs.org/grunt-cli
88 verbose addNameRange registry:https://registry.npmjs.org/grunt-cli not in flight; fetching
89 verbose get https://registry.npmjs.org/grunt-cli not expired, no request
90 silly addNameRange number 2 { name: 'grunt-cli', range: '>=1.2.0 <1.3.0', hasData: true }
91 silly addNameRange versions [ 'grunt-cli',
91 silly addNameRange   [ '0.1.0',
91 silly addNameRange     '0.1.1',
91 silly addNameRange     '0.1.2',
91 silly addNameRange     '0.1.3',
91 silly addNameRange     '0.1.4',
91 silly addNameRange     '0.1.5',
91 silly addNameRange     '0.1.6',
91 silly addNameRange     '0.1.7',
91 silly addNameRange     '0.1.8',
91 silly addNameRange     '0.1.9',
91 silly addNameRange     '0.1.10',
91 silly addNameRange     '0.1.11',
91 silly addNameRange     '0.1.12',
91 silly addNameRange     '0.1.13',
91 silly addNameRange     '1.0.0-rc1',
91 silly addNameRange     '1.0.0',
91 silly addNameRange     '1.0.1',
91 silly addNameRange     '1.1.0',
91 silly addNameRange     '1.2.0' ] ]
92 silly addNamed grunt-cli@1.2.0
93 verbose addNamed "1.2.0" is a plain semver version for grunt-cli
94 silly cache afterAdd grunt-cli@1.2.0
95 verbose afterAdd /home/andrrrl/.npm/grunt-cli/1.2.0/package/package.json not in flight; writing
96 verbose correctMkdir /home/andrrrl/.npm correctMkdir not in flight; initializing
97 verbose afterAdd /home/andrrrl/.npm/grunt-cli/1.2.0/package/package.json written
98 silly loadAllDepsIntoIdealTree Finishing
99 silly idealTree:prePrune velours-caneva@1.0.1
99 silly idealTree:prePrune ├── abbrev@1.0.7
99 silly idealTree:prePrune ├── accepts@1.2.13
99 silly idealTree:prePrune ├── align-text@0.1.4
99 silly idealTree:prePrune ├── ansi-regex@2.0.0
99 silly idealTree:prePrune ├── ansi-styles@2.2.1
99 silly idealTree:prePrune ├── argparse@1.0.7
99 silly idealTree:prePrune ├── array-find-index@1.0.1
99 silly idealTree:prePrune ├── array-flatten@1.1.1
99 silly idealTree:prePrune ├── array-uniq@1.0.2
99 silly idealTree:prePrune ├── async@1.5.2
99 silly idealTree:prePrune ├── balanced-match@0.4.1
99 silly idealTree:prePrune ├── basic-auth@1.0.4
99 silly idealTree:prePrune ├── bcrypt@0.8.6
99 silly idealTree:prePrune ├─┬ bin-version-check@2.1.0
99 silly idealTree:prePrune │ └── semver@4.3.6
99 silly idealTree:prePrune ├── bin-version@1.0.4
99 silly idealTree:prePrune ├── bindings@1.2.1
99 silly idealTree:prePrune ├── bluebird@2.10.2
99 silly idealTree:prePrune ├─┬ body-parser@1.15.1
99 silly idealTree:prePrune │ ├── http-errors@1.4.0
99 silly idealTree:prePrune │ └── qs@6.1.0
99 silly idealTree:prePrune ├── brace-expansion@1.1.4
99 silly idealTree:prePrune ├── browserify-zlib@0.1.4
99 silly idealTree:prePrune ├── bson@0.4.23
99 silly idealTree:prePrune ├── builtin-modules@1.1.1
99 silly idealTree:prePrune ├── bytes@2.3.0
99 silly idealTree:prePrune ├── camelcase-keys@2.1.0
99 silly idealTree:prePrune ├── camelcase@2.1.1
99 silly idealTree:prePrune ├── center-align@0.1.3
99 silly idealTree:prePrune ├── chalk@1.1.3
99 silly idealTree:prePrune ├── cliui@2.1.0
99 silly idealTree:prePrune ├── coffee-script@1.10.0
99 silly idealTree:prePrune ├── colors@1.1.2
99 silly idealTree:prePrune ├── concat-map@0.0.1
99 silly idealTree:prePrune ├─┬ concat-stream@1.5.1
99 silly idealTree:prePrune │ ├── isarray@1.0.0
99 silly idealTree:prePrune │ └── readable-stream@2.0.6
99 silly idealTree:prePrune ├── content-disposition@0.5.1
99 silly idealTree:prePrune ├── content-type@1.0.2
99 silly idealTree:prePrune ├── cookie-signature@1.0.6
99 silly idealTree:prePrune ├── cookie@0.1.5
99 silly idealTree:prePrune ├── core-util-is@1.0.2
99 silly idealTree:prePrune ├── cross-spawn@0.2.9
99 silly idealTree:prePrune ├── currently-unhandled@0.4.1
99 silly idealTree:prePrune ├── dargs@2.1.0
99 silly idealTree:prePrune ├── dateformat@1.0.12
99 silly idealTree:prePrune ├── debug@2.2.0
99 silly idealTree:prePrune ├── decamelize@1.2.0
99 silly idealTree:prePrune ├── depd@1.1.0
99 silly idealTree:prePrune ├── destroy@1.0.4
99 silly idealTree:prePrune ├── ee-first@1.1.1
99 silly idealTree:prePrune ├── ejs@2.4.2
99 silly idealTree:prePrune ├── error-ex@1.3.0
99 silly idealTree:prePrune ├── es6-promise@3.0.2
99 silly idealTree:prePrune ├── escape-html@1.0.3
99 silly idealTree:prePrune ├── escape-string-regexp@1.0.5
99 silly idealTree:prePrune ├── esprima@2.7.2
99 silly idealTree:prePrune ├── etag@1.7.0
99 silly idealTree:prePrune ├── eventemitter2@0.4.14
99 silly idealTree:prePrune ├── exit@0.1.2
99 silly idealTree:prePrune ├── express@4.13.4
99 silly idealTree:prePrune ├── faye-websocket@0.10.0
99 silly idealTree:prePrune ├── figures@1.7.0
99 silly idealTree:prePrune ├── finalhandler@0.4.1
99 silly idealTree:prePrune ├── find-up@1.1.2
99 silly idealTree:prePrune ├── find-versions@1.2.1
99 silly idealTree:prePrune ├─┬ findup-sync@0.3.0
99 silly idealTree:prePrune │ └── glob@5.0.15
99 silly idealTree:prePrune ├── forwarded@0.1.0
99 silly idealTree:prePrune ├── fresh@0.3.0
99 silly idealTree:prePrune ├── gaze@1.0.0
99 silly idealTree:prePrune ├── get-stdin@4.0.1
99 silly idealTree:prePrune ├── getobject@0.1.0
99 silly idealTree:prePrune ├── glob@7.0.3
99 silly idealTree:prePrune ├─┬ globule@0.2.0
99 silly idealTree:prePrune │ ├─┬ glob@3.2.11
99 silly idealTree:prePrune │ │ └── minimatch@0.3.0
99 silly idealTree:prePrune │ ├── lodash@2.4.2
99 silly idealTree:prePrune │ └── minimatch@0.2.14
99 silly idealTree:prePrune ├── graceful-fs@4.1.4
99 silly idealTree:prePrune ├── grunt-contrib-compass@1.1.1
99 silly idealTree:prePrune ├─┬ grunt-contrib-sass@1.0.0
99 silly idealTree:prePrune │ ├── async@0.9.2
99 silly idealTree:prePrune │ └── dargs@4.1.0
99 silly idealTree:prePrune ├─┬ grunt-contrib-uglify@1.0.1
99 silly idealTree:prePrune │ └── lodash@4.13.1
99 silly idealTree:prePrune ├── grunt-contrib-watch@1.0.0
99 silly idealTree:prePrune ├── grunt-known-options@1.1.0
99 silly idealTree:prePrune ├─┬ grunt-legacy-log-utils@1.0.0
99 silly idealTree:prePrune │ └── lodash@4.3.0
99 silly idealTree:prePrune ├── grunt-legacy-log@1.0.0
99 silly idealTree:prePrune ├─┬ grunt-legacy-util@1.0.0
99 silly idealTree:prePrune │ └── lodash@4.3.0
99 silly idealTree:prePrune ├─┬ grunt@1.0.1
99 silly idealTree:prePrune │ └── grunt-cli@1.2.0
99 silly idealTree:prePrune ├── gzip-size@1.0.0
99 silly idealTree:prePrune ├── has-ansi@2.0.0
99 silly idealTree:prePrune ├── hooker@0.2.3
99 silly idealTree:prePrune ├── hooks-fixed@1.1.0
99 silly idealTree:prePrune ├── hosted-git-info@2.1.5
99 silly idealTree:prePrune ├── http-errors@1.3.1
99 silly idealTree:prePrune ├── iconv-lite@0.4.13
99 silly idealTree:prePrune ├── indent-string@2.1.0
99 silly idealTree:prePrune ├── inflight@1.0.5
99 silly idealTree:prePrune ├── inherits@2.0.1
99 silly idealTree:prePrune ├── ipaddr.js@1.0.5
99 silly idealTree:prePrune ├── is-arrayish@0.2.1
99 silly idealTree:prePrune ├── is-buffer@1.1.3
99 silly idealTree:prePrune ├── is-builtin-module@1.0.0
99 silly idealTree:prePrune ├── is-finite@1.0.1
99 silly idealTree:prePrune ├── is-utf8@0.2.1
99 silly idealTree:prePrune ├── isarray@0.0.1
99 silly idealTree:prePrune ├── isexe@1.1.2
99 silly idealTree:prePrune ├── js-yaml@3.5.5
99 silly idealTree:prePrune ├── kareem@1.0.1
99 silly idealTree:prePrune ├── kind-of@3.0.3
99 silly idealTree:prePrune ├── lazy-cache@1.0.4
99 silly idealTree:prePrune ├── livereload-js@2.2.2
99 silly idealTree:prePrune ├── load-json-file@1.1.0
99 silly idealTree:prePrune ├── lodash@3.10.1
99 silly idealTree:prePrune ├── longest@1.0.1
99 silly idealTree:prePrune ├── loud-rejection@1.4.1
99 silly idealTree:prePrune ├── lru-cache@2.7.3
99 silly idealTree:prePrune ├── map-obj@1.0.1
99 silly idealTree:prePrune ├── maxmin@1.1.0
99 silly idealTree:prePrune ├── media-typer@0.3.0
99 silly idealTree:prePrune ├── meow@3.7.0
99 silly idealTree:prePrune ├── merge-descriptors@1.0.1
99 silly idealTree:prePrune ├── methods@1.1.2
99 silly idealTree:prePrune ├── mime-db@1.23.0
99 silly idealTree:prePrune ├── mime-types@2.1.11
99 silly idealTree:prePrune ├── mime@1.3.4
99 silly idealTree:prePrune ├── minimatch@3.0.0
99 silly idealTree:prePrune ├── minimist@1.2.0
99 silly idealTree:prePrune ├── mongodb-core@1.3.18
99 silly idealTree:prePrune ├── mongodb@2.1.18
99 silly idealTree:prePrune ├── mongoose@4.4.20
99 silly idealTree:prePrune ├── morgan@1.7.0
99 silly idealTree:prePrune ├── mpath@0.2.1
99 silly idealTree:prePrune ├── mpromise@0.5.5
99 silly idealTree:prePrune ├─┬ mquery@1.11.0
99 silly idealTree:prePrune │ └── sliced@0.0.5
99 silly idealTree:prePrune ├── ms@0.7.1
99 silly idealTree:prePrune ├── muri@1.1.0
99 silly idealTree:prePrune ├── nan@2.2.1
99 silly idealTree:prePrune ├── negotiator@0.5.3
99 silly idealTree:prePrune ├── nopt@3.0.6
99 silly idealTree:prePrune ├── normalize-package-data@2.3.5
99 silly idealTree:prePrune ├── number-is-nan@1.0.0
99 silly idealTree:prePrune ├── object-assign@4.1.0
99 silly idealTree:prePrune ├── on-finished@2.3.0
99 silly idealTree:prePrune ├── on-headers@1.0.1
99 silly idealTree:prePrune ├── once@1.3.3
99 silly idealTree:prePrune ├── onetime@1.1.0
99 silly idealTree:prePrune ├── os-tmpdir@1.0.1
99 silly idealTree:prePrune ├── pako@0.2.8
99 silly idealTree:prePrune ├── parse-json@2.2.0
99 silly idealTree:prePrune ├── parseurl@1.3.1
99 silly idealTree:prePrune ├── path-exists@2.1.0
99 silly idealTree:prePrune ├── path-is-absolute@1.0.0
99 silly idealTree:prePrune ├── path-to-regexp@0.1.7
99 silly idealTree:prePrune ├── path-type@1.1.0
99 silly idealTree:prePrune ├── pify@2.3.0
99 silly idealTree:prePrune ├── pinkie-promise@2.0.1
99 silly idealTree:prePrune ├── pinkie@2.0.4
99 silly idealTree:prePrune ├── pretty-bytes@1.0.4
99 silly idealTree:prePrune ├── process-nextick-args@1.0.7
99 silly idealTree:prePrune ├── proxy-addr@1.0.10
99 silly idealTree:prePrune ├── qs@4.0.0
99 silly idealTree:prePrune ├── range-parser@1.0.3
99 silly idealTree:prePrune ├── raw-body@2.1.6
99 silly idealTree:prePrune ├── read-pkg-up@1.0.1
99 silly idealTree:prePrune ├── read-pkg@1.1.0
99 silly idealTree:prePrune ├── readable-stream@1.0.31
99 silly idealTree:prePrune ├── redent@1.0.0
99 silly idealTree:prePrune ├── regexp-clone@0.0.1
99 silly idealTree:prePrune ├── repeat-string@1.5.4
99 silly idealTree:prePrune ├── repeating@2.0.1
99 silly idealTree:prePrune ├── require_optional@1.0.0
99 silly idealTree:prePrune ├── resolve-from@2.0.0
99 silly idealTree:prePrune ├── resolve@1.1.7
99 silly idealTree:prePrune ├── right-align@0.1.3
99 silly idealTree:prePrune ├── rimraf@2.2.8
99 silly idealTree:prePrune ├── semver-regex@1.0.0
99 silly idealTree:prePrune ├── semver-truncate@1.1.0
99 silly idealTree:prePrune ├── semver@5.1.0
99 silly idealTree:prePrune ├── send@0.13.1
99 silly idealTree:prePrune ├── serve-favicon@2.3.0
99 silly idealTree:prePrune ├─┬ serve-static@1.10.3
99 silly idealTree:prePrune │ └── send@0.13.2
99 silly idealTree:prePrune ├── sigmund@1.0.1
99 silly idealTree:prePrune ├── signal-exit@2.1.2
99 silly idealTree:prePrune ├── sliced@1.0.1
99 silly idealTree:prePrune ├── source-map@0.5.6
99 silly idealTree:prePrune ├── spdx-correct@1.0.2
99 silly idealTree:prePrune ├── spdx-exceptions@1.0.4
99 silly idealTree:prePrune ├── spdx-expression-parse@1.0.2
99 silly idealTree:prePrune ├── spdx-license-ids@1.2.1
99 silly idealTree:prePrune ├── sprintf-js@1.0.3
99 silly idealTree:prePrune ├── statuses@1.2.1
99 silly idealTree:prePrune ├── string_decoder@0.10.31
99 silly idealTree:prePrune ├── strip-ansi@3.0.1
99 silly idealTree:prePrune ├── strip-bom@2.0.0
99 silly idealTree:prePrune ├── strip-indent@1.0.1
99 silly idealTree:prePrune ├── supports-color@2.0.0
99 silly idealTree:prePrune ├─┬ tiny-lr@0.2.1
99 silly idealTree:prePrune │ ├─┬ body-parser@1.14.2
99 silly idealTree:prePrune │ │ └── qs@5.2.0
99 silly idealTree:prePrune │ ├── bytes@2.2.0
99 silly idealTree:prePrune │ └── qs@5.1.0
99 silly idealTree:prePrune ├── tmp@0.0.28
99 silly idealTree:prePrune ├── trim-newlines@1.0.0
99 silly idealTree:prePrune ├── type-is@1.6.13
99 silly idealTree:prePrune ├── typedarray@0.0.6
99 silly idealTree:prePrune ├─┬ uglify-js@2.6.2
99 silly idealTree:prePrune │ └── async@0.2.10
99 silly idealTree:prePrune ├── uglify-to-browserify@1.0.2
99 silly idealTree:prePrune ├── underscore.string@3.2.3
99 silly idealTree:prePrune ├── unpipe@1.0.0
99 silly idealTree:prePrune ├── uri-path@1.0.0
99 silly idealTree:prePrune ├── util-deprecate@1.0.2
99 silly idealTree:prePrune ├── utils-merge@1.0.0
99 silly idealTree:prePrune ├── validate-npm-package-license@3.0.1
99 silly idealTree:prePrune ├── vary@1.0.1
99 silly idealTree:prePrune ├── websocket-driver@0.6.5
99 silly idealTree:prePrune ├── websocket-extensions@0.1.1
99 silly idealTree:prePrune ├── which@1.2.10
99 silly idealTree:prePrune ├── window-size@0.1.0
99 silly idealTree:prePrune ├── wordwrap@0.0.2
99 silly idealTree:prePrune ├── wrappy@1.0.2
99 silly idealTree:prePrune └─┬ yargs@3.10.0
99 silly idealTree:prePrune   └── camelcase@1.2.1
100 silly loadIdealTree Finishing
101 silly currentTree velours-caneva@1.0.1
101 silly currentTree ├── abbrev@1.0.7
101 silly currentTree ├── accepts@1.2.13
101 silly currentTree ├── align-text@0.1.4
101 silly currentTree ├── ansi-regex@2.0.0
101 silly currentTree ├── ansi-styles@2.2.1
101 silly currentTree ├── argparse@1.0.7
101 silly currentTree ├── array-find-index@1.0.1
101 silly currentTree ├── array-flatten@1.1.1
101 silly currentTree ├── array-uniq@1.0.2
101 silly currentTree ├── async@1.5.2
101 silly currentTree ├── balanced-match@0.4.1
101 silly currentTree ├── basic-auth@1.0.4
101 silly currentTree ├── bcrypt@0.8.6
101 silly currentTree ├─┬ bin-version-check@2.1.0
101 silly currentTree │ └── semver@4.3.6
101 silly currentTree ├── bin-version@1.0.4
101 silly currentTree ├── bindings@1.2.1
101 silly currentTree ├── bluebird@2.10.2
101 silly currentTree ├─┬ body-parser@1.15.1
101 silly currentTree │ ├── http-errors@1.4.0
101 silly currentTree │ └── qs@6.1.0
101 silly currentTree ├── brace-expansion@1.1.4
101 silly currentTree ├── browserify-zlib@0.1.4
101 silly currentTree ├── bson@0.4.23
101 silly currentTree ├── builtin-modules@1.1.1
101 silly currentTree ├── bytes@2.3.0
101 silly currentTree ├── camelcase-keys@2.1.0
101 silly currentTree ├── camelcase@2.1.1
101 silly currentTree ├── center-align@0.1.3
101 silly currentTree ├── chalk@1.1.3
101 silly currentTree ├── cliui@2.1.0
101 silly currentTree ├── coffee-script@1.10.0
101 silly currentTree ├── colors@1.1.2
101 silly currentTree ├── concat-map@0.0.1
101 silly currentTree ├─┬ concat-stream@1.5.1
101 silly currentTree │ ├── isarray@1.0.0
101 silly currentTree │ └── readable-stream@2.0.6
101 silly currentTree ├── content-disposition@0.5.1
101 silly currentTree ├── content-type@1.0.2
101 silly currentTree ├── cookie-signature@1.0.6
101 silly currentTree ├── cookie@0.1.5
101 silly currentTree ├── core-util-is@1.0.2
101 silly currentTree ├── cross-spawn@0.2.9
101 silly currentTree ├── currently-unhandled@0.4.1
101 silly currentTree ├── dargs@2.1.0
101 silly currentTree ├── dateformat@1.0.12
101 silly currentTree ├── debug@2.2.0
101 silly currentTree ├── decamelize@1.2.0
101 silly currentTree ├── depd@1.1.0
101 silly currentTree ├── destroy@1.0.4
101 silly currentTree ├── ee-first@1.1.1
101 silly currentTree ├── ejs@2.4.2
101 silly currentTree ├── error-ex@1.3.0
101 silly currentTree ├── es6-promise@3.0.2
101 silly currentTree ├── escape-html@1.0.3
101 silly currentTree ├── escape-string-regexp@1.0.5
101 silly currentTree ├── esprima@2.7.2
101 silly currentTree ├── etag@1.7.0
101 silly currentTree ├── eventemitter2@0.4.14
101 silly currentTree ├── exit@0.1.2
101 silly currentTree ├── express@4.13.4
101 silly currentTree ├── faye-websocket@0.10.0
101 silly currentTree ├── figures@1.7.0
101 silly currentTree ├── finalhandler@0.4.1
101 silly currentTree ├── find-up@1.1.2
101 silly currentTree ├── find-versions@1.2.1
101 silly currentTree ├─┬ findup-sync@0.3.0
101 silly currentTree │ └── glob@5.0.15
101 silly currentTree ├── forwarded@0.1.0
101 silly currentTree ├── fresh@0.3.0
101 silly currentTree ├── gaze@1.0.0
101 silly currentTree ├── get-stdin@4.0.1
101 silly currentTree ├── getobject@0.1.0
101 silly currentTree ├── glob@7.0.3
101 silly currentTree ├─┬ globule@0.2.0
101 silly currentTree │ ├─┬ glob@3.2.11
101 silly currentTree │ │ └── minimatch@0.3.0
101 silly currentTree │ ├── lodash@2.4.2
101 silly currentTree │ └── minimatch@0.2.14
101 silly currentTree ├── graceful-fs@4.1.4
101 silly currentTree ├── grunt-contrib-compass@1.1.1
101 silly currentTree ├─┬ grunt-contrib-sass@1.0.0
101 silly currentTree │ ├── async@0.9.2
101 silly currentTree │ └── dargs@4.1.0
101 silly currentTree ├─┬ grunt-contrib-uglify@1.0.1
101 silly currentTree │ └── lodash@4.13.1
101 silly currentTree ├── grunt-contrib-watch@1.0.0
101 silly currentTree ├── grunt-known-options@1.1.0
101 silly currentTree ├─┬ grunt-legacy-log-utils@1.0.0
101 silly currentTree │ └── lodash@4.3.0
101 silly currentTree ├── grunt-legacy-log@1.0.0
101 silly currentTree ├─┬ grunt-legacy-util@1.0.0
101 silly currentTree │ └── lodash@4.3.0
101 silly currentTree ├── gzip-size@1.0.0
101 silly currentTree ├── has-ansi@2.0.0
101 silly currentTree ├── hooker@0.2.3
101 silly currentTree ├── hooks-fixed@1.1.0
101 silly currentTree ├── hosted-git-info@2.1.5
101 silly currentTree ├── http-errors@1.3.1
101 silly currentTree ├── iconv-lite@0.4.13
101 silly currentTree ├── indent-string@2.1.0
101 silly currentTree ├── inflight@1.0.5
101 silly currentTree ├── inherits@2.0.1
101 silly currentTree ├── ipaddr.js@1.0.5
101 silly currentTree ├── is-arrayish@0.2.1
101 silly currentTree ├── is-buffer@1.1.3
101 silly currentTree ├── is-builtin-module@1.0.0
101 silly currentTree ├── is-finite@1.0.1
101 silly currentTree ├── is-utf8@0.2.1
101 silly currentTree ├── isarray@0.0.1
101 silly currentTree ├── isexe@1.1.2
101 silly currentTree ├── js-yaml@3.5.5
101 silly currentTree ├── kareem@1.0.1
101 silly currentTree ├── kind-of@3.0.3
101 silly currentTree ├── lazy-cache@1.0.4
101 silly currentTree ├── livereload-js@2.2.2
101 silly currentTree ├── load-json-file@1.1.0
101 silly currentTree ├── lodash@3.10.1
101 silly currentTree ├── longest@1.0.1
101 silly currentTree ├── loud-rejection@1.4.1
101 silly currentTree ├── lru-cache@2.7.3
101 silly currentTree ├── map-obj@1.0.1
101 silly currentTree ├── maxmin@1.1.0
101 silly currentTree ├── media-typer@0.3.0
101 silly currentTree ├── meow@3.7.0
101 silly currentTree ├── merge-descriptors@1.0.1
101 silly currentTree ├── methods@1.1.2
101 silly currentTree ├── mime-db@1.23.0
101 silly currentTree ├── mime-types@2.1.11
101 silly currentTree ├── mime@1.3.4
101 silly currentTree ├── minimatch@3.0.0
101 silly currentTree ├── minimist@1.2.0
101 silly currentTree ├── mongodb-core@1.3.18
101 silly currentTree ├── mongodb@2.1.18
101 silly currentTree ├── mongoose@4.4.20
101 silly currentTree ├── morgan@1.7.0
101 silly currentTree ├── mpath@0.2.1
101 silly currentTree ├── mpromise@0.5.5
101 silly currentTree ├─┬ mquery@1.11.0
101 silly currentTree │ └── sliced@0.0.5
101 silly currentTree ├── ms@0.7.1
101 silly currentTree ├── muri@1.1.0
101 silly currentTree ├── nan@2.2.1
101 silly currentTree ├── negotiator@0.5.3
101 silly currentTree ├── nopt@3.0.6
101 silly currentTree ├── normalize-package-data@2.3.5
101 silly currentTree ├── number-is-nan@1.0.0
101 silly currentTree ├── object-assign@4.1.0
101 silly currentTree ├── on-finished@2.3.0
101 silly currentTree ├── on-headers@1.0.1
101 silly currentTree ├── once@1.3.3
101 silly currentTree ├── onetime@1.1.0
101 silly currentTree ├── os-tmpdir@1.0.1
101 silly currentTree ├── pako@0.2.8
101 silly currentTree ├── parse-json@2.2.0
101 silly currentTree ├── parseurl@1.3.1
101 silly currentTree ├── path-exists@2.1.0
101 silly currentTree ├── path-is-absolute@1.0.0
101 silly currentTree ├── path-to-regexp@0.1.7
101 silly currentTree ├── path-type@1.1.0
101 silly currentTree ├── pify@2.3.0
101 silly currentTree ├── pinkie-promise@2.0.1
101 silly currentTree ├── pinkie@2.0.4
101 silly currentTree ├── pretty-bytes@1.0.4
101 silly currentTree ├── process-nextick-args@1.0.7
101 silly currentTree ├── proxy-addr@1.0.10
101 silly currentTree ├── qs@4.0.0
101 silly currentTree ├── range-parser@1.0.3
101 silly currentTree ├── raw-body@2.1.6
101 silly currentTree ├── read-pkg-up@1.0.1
101 silly currentTree ├── read-pkg@1.1.0
101 silly currentTree ├── readable-stream@1.0.31
101 silly currentTree ├── redent@1.0.0
101 silly currentTree ├── regexp-clone@0.0.1
101 silly currentTree ├── repeat-string@1.5.4
101 silly currentTree ├── repeating@2.0.1
101 silly currentTree ├── require_optional@1.0.0
101 silly currentTree ├── resolve-from@2.0.0
101 silly currentTree ├── resolve@1.1.7
101 silly currentTree ├── right-align@0.1.3
101 silly currentTree ├── rimraf@2.2.8
101 silly currentTree ├── semver-regex@1.0.0
101 silly currentTree ├── semver-truncate@1.1.0
101 silly currentTree ├── semver@5.1.0
101 silly currentTree ├── send@0.13.1
101 silly currentTree ├── serve-favicon@2.3.0
101 silly currentTree ├─┬ serve-static@1.10.3
101 silly currentTree │ └── send@0.13.2
101 silly currentTree ├── sigmund@1.0.1
101 silly currentTree ├── signal-exit@2.1.2
101 silly currentTree ├── sliced@1.0.1
101 silly currentTree ├── source-map@0.5.6
101 silly currentTree ├── spdx-correct@1.0.2
101 silly currentTree ├── spdx-exceptions@1.0.4
101 silly currentTree ├── spdx-expression-parse@1.0.2
101 silly currentTree ├── spdx-license-ids@1.2.1
101 silly currentTree ├── sprintf-js@1.0.3
101 silly currentTree ├── statuses@1.2.1
101 silly currentTree ├── string_decoder@0.10.31
101 silly currentTree ├── strip-ansi@3.0.1
101 silly currentTree ├── strip-bom@2.0.0
101 silly currentTree ├── strip-indent@1.0.1
101 silly currentTree ├── supports-color@2.0.0
101 silly currentTree ├─┬ tiny-lr@0.2.1
101 silly currentTree │ ├─┬ body-parser@1.14.2
101 silly currentTree │ │ └── qs@5.2.0
101 silly currentTree │ ├── bytes@2.2.0
101 silly currentTree │ └── qs@5.1.0
101 silly currentTree ├── tmp@0.0.28
101 silly currentTree ├── trim-newlines@1.0.0
101 silly currentTree ├── type-is@1.6.13
101 silly currentTree ├── typedarray@0.0.6
101 silly currentTree ├─┬ uglify-js@2.6.2
101 silly currentTree │ └── async@0.2.10
101 silly currentTree ├── uglify-to-browserify@1.0.2
101 silly currentTree ├── underscore.string@3.2.3
101 silly currentTree ├── unpipe@1.0.0
101 silly currentTree ├── uri-path@1.0.0
101 silly currentTree ├── util-deprecate@1.0.2
101 silly currentTree ├── utils-merge@1.0.0
101 silly currentTree ├── validate-npm-package-license@3.0.1
101 silly currentTree ├── vary@1.0.1
101 silly currentTree ├── websocket-driver@0.6.5
101 silly currentTree ├── websocket-extensions@0.1.1
101 silly currentTree ├── which@1.2.10
101 silly currentTree ├── window-size@0.1.0
101 silly currentTree ├── wordwrap@0.0.2
101 silly currentTree ├── wrappy@1.0.2
101 silly currentTree └─┬ yargs@3.10.0
101 silly currentTree   └── camelcase@1.2.1
102 silly idealTree velours-caneva@1.0.1
102 silly idealTree ├── abbrev@1.0.7
102 silly idealTree ├── accepts@1.2.13
102 silly idealTree ├── align-text@0.1.4
102 silly idealTree ├── ansi-regex@2.0.0
102 silly idealTree ├── ansi-styles@2.2.1
102 silly idealTree ├── argparse@1.0.7
102 silly idealTree ├── array-find-index@1.0.1
102 silly idealTree ├── array-flatten@1.1.1
102 silly idealTree ├── array-uniq@1.0.2
102 silly idealTree ├── async@1.5.2
102 silly idealTree ├── balanced-match@0.4.1
102 silly idealTree ├── basic-auth@1.0.4
102 silly idealTree ├── bcrypt@0.8.6
102 silly idealTree ├─┬ bin-version-check@2.1.0
102 silly idealTree │ └── semver@4.3.6
102 silly idealTree ├── bin-version@1.0.4
102 silly idealTree ├── bindings@1.2.1
102 silly idealTree ├── bluebird@2.10.2
102 silly idealTree ├─┬ body-parser@1.15.1
102 silly idealTree │ ├── http-errors@1.4.0
102 silly idealTree │ └── qs@6.1.0
102 silly idealTree ├── brace-expansion@1.1.4
102 silly idealTree ├── browserify-zlib@0.1.4
102 silly idealTree ├── bson@0.4.23
102 silly idealTree ├── builtin-modules@1.1.1
102 silly idealTree ├── bytes@2.3.0
102 silly idealTree ├── camelcase-keys@2.1.0
102 silly idealTree ├── camelcase@2.1.1
102 silly idealTree ├── center-align@0.1.3
102 silly idealTree ├── chalk@1.1.3
102 silly idealTree ├── cliui@2.1.0
102 silly idealTree ├── coffee-script@1.10.0
102 silly idealTree ├── colors@1.1.2
102 silly idealTree ├── concat-map@0.0.1
102 silly idealTree ├─┬ concat-stream@1.5.1
102 silly idealTree │ ├── isarray@1.0.0
102 silly idealTree │ └── readable-stream@2.0.6
102 silly idealTree ├── content-disposition@0.5.1
102 silly idealTree ├── content-type@1.0.2
102 silly idealTree ├── cookie-signature@1.0.6
102 silly idealTree ├── cookie@0.1.5
102 silly idealTree ├── core-util-is@1.0.2
102 silly idealTree ├── cross-spawn@0.2.9
102 silly idealTree ├── currently-unhandled@0.4.1
102 silly idealTree ├── dargs@2.1.0
102 silly idealTree ├── dateformat@1.0.12
102 silly idealTree ├── debug@2.2.0
102 silly idealTree ├── decamelize@1.2.0
102 silly idealTree ├── depd@1.1.0
102 silly idealTree ├── destroy@1.0.4
102 silly idealTree ├── ee-first@1.1.1
102 silly idealTree ├── ejs@2.4.2
102 silly idealTree ├── error-ex@1.3.0
102 silly idealTree ├── es6-promise@3.0.2
102 silly idealTree ├── escape-html@1.0.3
102 silly idealTree ├── escape-string-regexp@1.0.5
102 silly idealTree ├── esprima@2.7.2
102 silly idealTree ├── etag@1.7.0
102 silly idealTree ├── eventemitter2@0.4.14
102 silly idealTree ├── exit@0.1.2
102 silly idealTree ├── express@4.13.4
102 silly idealTree ├── faye-websocket@0.10.0
102 silly idealTree ├── figures@1.7.0
102 silly idealTree ├── finalhandler@0.4.1
102 silly idealTree ├── find-up@1.1.2
102 silly idealTree ├── find-versions@1.2.1
102 silly idealTree ├─┬ findup-sync@0.3.0
102 silly idealTree │ └── glob@5.0.15
102 silly idealTree ├── forwarded@0.1.0
102 silly idealTree ├── fresh@0.3.0
102 silly idealTree ├── gaze@1.0.0
102 silly idealTree ├── get-stdin@4.0.1
102 silly idealTree ├── getobject@0.1.0
102 silly idealTree ├── glob@7.0.3
102 silly idealTree ├─┬ globule@0.2.0
102 silly idealTree │ ├─┬ glob@3.2.11
102 silly idealTree │ │ └── minimatch@0.3.0
102 silly idealTree │ ├── lodash@2.4.2
102 silly idealTree │ └── minimatch@0.2.14
102 silly idealTree ├── graceful-fs@4.1.4
102 silly idealTree ├── grunt-contrib-compass@1.1.1
102 silly idealTree ├─┬ grunt-contrib-sass@1.0.0
102 silly idealTree │ ├── async@0.9.2
102 silly idealTree │ └── dargs@4.1.0
102 silly idealTree ├─┬ grunt-contrib-uglify@1.0.1
102 silly idealTree │ └── lodash@4.13.1
102 silly idealTree ├── grunt-contrib-watch@1.0.0
102 silly idealTree ├── grunt-known-options@1.1.0
102 silly idealTree ├─┬ grunt-legacy-log-utils@1.0.0
102 silly idealTree │ └── lodash@4.3.0
102 silly idealTree ├── grunt-legacy-log@1.0.0
102 silly idealTree ├─┬ grunt-legacy-util@1.0.0
102 silly idealTree │ └── lodash@4.3.0
102 silly idealTree ├─┬ grunt@1.0.1
102 silly idealTree │ └── grunt-cli@1.2.0
102 silly idealTree ├── gzip-size@1.0.0
102 silly idealTree ├── has-ansi@2.0.0
102 silly idealTree ├── hooker@0.2.3
102 silly idealTree ├── hooks-fixed@1.1.0
102 silly idealTree ├── hosted-git-info@2.1.5
102 silly idealTree ├── http-errors@1.3.1
102 silly idealTree ├── iconv-lite@0.4.13
102 silly idealTree ├── indent-string@2.1.0
102 silly idealTree ├── inflight@1.0.5
102 silly idealTree ├── inherits@2.0.1
102 silly idealTree ├── ipaddr.js@1.0.5
102 silly idealTree ├── is-arrayish@0.2.1
102 silly idealTree ├── is-buffer@1.1.3
102 silly idealTree ├── is-builtin-module@1.0.0
102 silly idealTree ├── is-finite@1.0.1
102 silly idealTree ├── is-utf8@0.2.1
102 silly idealTree ├── isarray@0.0.1
102 silly idealTree ├── isexe@1.1.2
102 silly idealTree ├── js-yaml@3.5.5
102 silly idealTree ├── kareem@1.0.1
102 silly idealTree ├── kind-of@3.0.3
102 silly idealTree ├── lazy-cache@1.0.4
102 silly idealTree ├── livereload-js@2.2.2
102 silly idealTree ├── load-json-file@1.1.0
102 silly idealTree ├── lodash@3.10.1
102 silly idealTree ├── longest@1.0.1
102 silly idealTree ├── loud-rejection@1.4.1
102 silly idealTree ├── lru-cache@2.7.3
102 silly idealTree ├── map-obj@1.0.1
102 silly idealTree ├── maxmin@1.1.0
102 silly idealTree ├── media-typer@0.3.0
102 silly idealTree ├── meow@3.7.0
102 silly idealTree ├── merge-descriptors@1.0.1
102 silly idealTree ├── methods@1.1.2
102 silly idealTree ├── mime-db@1.23.0
102 silly idealTree ├── mime-types@2.1.11
102 silly idealTree ├── mime@1.3.4
102 silly idealTree ├── minimatch@3.0.0
102 silly idealTree ├── minimist@1.2.0
102 silly idealTree ├── mongodb-core@1.3.18
102 silly idealTree ├── mongodb@2.1.18
102 silly idealTree ├── mongoose@4.4.20
102 silly idealTree ├── morgan@1.7.0
102 silly idealTree ├── mpath@0.2.1
102 silly idealTree ├── mpromise@0.5.5
102 silly idealTree ├─┬ mquery@1.11.0
102 silly idealTree │ └── sliced@0.0.5
102 silly idealTree ├── ms@0.7.1
102 silly idealTree ├── muri@1.1.0
102 silly idealTree ├── nan@2.2.1
102 silly idealTree ├── negotiator@0.5.3
102 silly idealTree ├── nopt@3.0.6
102 silly idealTree ├── normalize-package-data@2.3.5
102 silly idealTree ├── number-is-nan@1.0.0
102 silly idealTree ├── object-assign@4.1.0
102 silly idealTree ├── on-finished@2.3.0
102 silly idealTree ├── on-headers@1.0.1
102 silly idealTree ├── once@1.3.3
102 silly idealTree ├── onetime@1.1.0
102 silly idealTree ├── os-tmpdir@1.0.1
102 silly idealTree ├── pako@0.2.8
102 silly idealTree ├── parse-json@2.2.0
102 silly idealTree ├── parseurl@1.3.1
102 silly idealTree ├── path-exists@2.1.0
102 silly idealTree ├── path-is-absolute@1.0.0
102 silly idealTree ├── path-to-regexp@0.1.7
102 silly idealTree ├── path-type@1.1.0
102 silly idealTree ├── pify@2.3.0
102 silly idealTree ├── pinkie-promise@2.0.1
102 silly idealTree ├── pinkie@2.0.4
102 silly idealTree ├── pretty-bytes@1.0.4
102 silly idealTree ├── process-nextick-args@1.0.7
102 silly idealTree ├── proxy-addr@1.0.10
102 silly idealTree ├── qs@4.0.0
102 silly idealTree ├── range-parser@1.0.3
102 silly idealTree ├── raw-body@2.1.6
102 silly idealTree ├── read-pkg-up@1.0.1
102 silly idealTree ├── read-pkg@1.1.0
102 silly idealTree ├── readable-stream@1.0.31
102 silly idealTree ├── redent@1.0.0
102 silly idealTree ├── regexp-clone@0.0.1
102 silly idealTree ├── repeat-string@1.5.4
102 silly idealTree ├── repeating@2.0.1
102 silly idealTree ├── require_optional@1.0.0
102 silly idealTree ├── resolve-from@2.0.0
102 silly idealTree ├── resolve@1.1.7
102 silly idealTree ├── right-align@0.1.3
102 silly idealTree ├── rimraf@2.2.8
102 silly idealTree ├── semver-regex@1.0.0
102 silly idealTree ├── semver-truncate@1.1.0
102 silly idealTree ├── semver@5.1.0
102 silly idealTree ├── send@0.13.1
102 silly idealTree ├── serve-favicon@2.3.0
102 silly idealTree ├─┬ serve-static@1.10.3
102 silly idealTree │ └── send@0.13.2
102 silly idealTree ├── sigmund@1.0.1
102 silly idealTree ├── signal-exit@2.1.2
102 silly idealTree ├── sliced@1.0.1
102 silly idealTree ├── source-map@0.5.6
102 silly idealTree ├── spdx-correct@1.0.2
102 silly idealTree ├── spdx-exceptions@1.0.4
102 silly idealTree ├── spdx-expression-parse@1.0.2
102 silly idealTree ├── spdx-license-ids@1.2.1
102 silly idealTree ├── sprintf-js@1.0.3
102 silly idealTree ├── statuses@1.2.1
102 silly idealTree ├── string_decoder@0.10.31
102 silly idealTree ├── strip-ansi@3.0.1
102 silly idealTree ├── strip-bom@2.0.0
102 silly idealTree ├── strip-indent@1.0.1
102 silly idealTree ├── supports-color@2.0.0
102 silly idealTree ├─┬ tiny-lr@0.2.1
102 silly idealTree │ ├─┬ body-parser@1.14.2
102 silly idealTree │ │ └── qs@5.2.0
102 silly idealTree │ ├── bytes@2.2.0
102 silly idealTree │ └── qs@5.1.0
102 silly idealTree ├── tmp@0.0.28
102 silly idealTree ├── trim-newlines@1.0.0
102 silly idealTree ├── type-is@1.6.13
102 silly idealTree ├── typedarray@0.0.6
102 silly idealTree ├─┬ uglify-js@2.6.2
102 silly idealTree │ └── async@0.2.10
102 silly idealTree ├── uglify-to-browserify@1.0.2
102 silly idealTree ├── underscore.string@3.2.3
102 silly idealTree ├── unpipe@1.0.0
102 silly idealTree ├── uri-path@1.0.0
102 silly idealTree ├── util-deprecate@1.0.2
102 silly idealTree ├── utils-merge@1.0.0
102 silly idealTree ├── validate-npm-package-license@3.0.1
102 silly idealTree ├── vary@1.0.1
102 silly idealTree ├── websocket-driver@0.6.5
102 silly idealTree ├── websocket-extensions@0.1.1
102 silly idealTree ├── which@1.2.10
102 silly idealTree ├── window-size@0.1.0
102 silly idealTree ├── wordwrap@0.0.2
102 silly idealTree ├── wrappy@1.0.2
102 silly idealTree └─┬ yargs@3.10.0
102 silly idealTree   └── camelcase@1.2.1
103 silly generateActionsToTake Starting
104 silly install generateActionsToTake
105 silly generateActionsToTake Finishing
106 silly diffTrees action count 4
107 silly diffTrees add grunt-cli@1.2.0
108 silly diffTrees add grunt@1.0.1
109 silly diffTrees update ejs@2.4.2
110 silly diffTrees update serve-favicon@2.3.0
111 silly decomposeActions action count 32
112 silly decomposeActions fetch grunt-cli@1.2.0
113 silly decomposeActions extract grunt-cli@1.2.0
114 silly decomposeActions test grunt-cli@1.2.0
115 silly decomposeActions preinstall grunt-cli@1.2.0
116 silly decomposeActions build grunt-cli@1.2.0
117 silly decomposeActions install grunt-cli@1.2.0
118 silly decomposeActions postinstall grunt-cli@1.2.0
119 silly decomposeActions finalize grunt-cli@1.2.0
120 silly decomposeActions fetch grunt@1.0.1
121 silly decomposeActions extract grunt@1.0.1
122 silly decomposeActions test grunt@1.0.1
123 silly decomposeActions preinstall grunt@1.0.1
124 silly decomposeActions build grunt@1.0.1
125 silly decomposeActions install grunt@1.0.1
126 silly decomposeActions postinstall grunt@1.0.1
127 silly decomposeActions finalize grunt@1.0.1
128 silly decomposeActions fetch ejs@2.4.2
129 silly decomposeActions extract ejs@2.4.2
130 silly decomposeActions test ejs@2.4.2
131 silly decomposeActions preinstall ejs@2.4.2
132 silly decomposeActions build ejs@2.4.2
133 silly decomposeActions install ejs@2.4.2
134 silly decomposeActions postinstall ejs@2.4.2
135 silly decomposeActions finalize ejs@2.4.2
136 silly decomposeActions fetch serve-favicon@2.3.0
137 silly decomposeActions extract serve-favicon@2.3.0
138 silly decomposeActions test serve-favicon@2.3.0
139 silly decomposeActions preinstall serve-favicon@2.3.0
140 silly decomposeActions build serve-favicon@2.3.0
141 silly decomposeActions install serve-favicon@2.3.0
142 silly decomposeActions postinstall serve-favicon@2.3.0
143 silly decomposeActions finalize serve-favicon@2.3.0
144 silly executeActions Starting
145 silly install executeActions
146 silly doSerial global-install 0
147 silly doParallel fetch 4
148 verbose correctMkdir /home/andrrrl/.npm/_locks correctMkdir not in flight; initializing
149 verbose lock using /home/andrrrl/.npm/_locks/staging-1332e29901d9b89a.lock for /var/www/html/andrrr/openshift/velours/node_modules/.staging
150 silly doParallel extract 4
151 silly extract grunt-cli@1.2.0
152 silly extract grunt@1.0.1
153 silly extract ejs@2.4.2
154 silly extract serve-favicon@2.3.0
155 verbose unbuild node_modules/.staging/ejs-310d13c2
156 verbose unbuild node_modules/.staging/serve-favicon-03fdec87
157 verbose unbuild node_modules/.staging/grunt-cli-b20e9dc7
158 verbose unbuild node_modules/.staging/grunt-04782bc7
159 silly gentlyRm /var/www/html/andrrr/openshift/velours/node_modules/.staging/ejs-310d13c2 is being purged from base /var/www/html/andrrr/openshift/velours
160 verbose gentlyRm don't care about contents; nuking /var/www/html/andrrr/openshift/velours/node_modules/.staging/ejs-310d13c2
161 silly gentlyRm /var/www/html/andrrr/openshift/velours/node_modules/.staging/serve-favicon-03fdec87 is being purged from base /var/www/html/andrrr/openshift/velours
162 verbose gentlyRm don't care about contents; nuking /var/www/html/andrrr/openshift/velours/node_modules/.staging/serve-favicon-03fdec87
163 silly gentlyRm /var/www/html/andrrr/openshift/velours/node_modules/.staging/grunt-cli-b20e9dc7 is being purged from base /var/www/html/andrrr/openshift/velours
164 verbose gentlyRm don't care about contents; nuking /var/www/html/andrrr/openshift/velours/node_modules/.staging/grunt-cli-b20e9dc7
165 silly gentlyRm /var/www/html/andrrr/openshift/velours/node_modules/.staging/grunt-04782bc7 is being purged from base /var/www/html/andrrr/openshift/velours
166 verbose gentlyRm don't care about contents; nuking /var/www/html/andrrr/openshift/velours/node_modules/.staging/grunt-04782bc7
167 verbose tar unpack /home/andrrrl/.npm/ejs/2.4.2/package.tgz
168 verbose tar unpacking to /var/www/html/andrrr/openshift/velours/node_modules/.staging/ejs-310d13c2
169 silly gentlyRm /var/www/html/andrrr/openshift/velours/node_modules/.staging/ejs-310d13c2 is being purged
170 verbose gentlyRm don't care about contents; nuking /var/www/html/andrrr/openshift/velours/node_modules/.staging/ejs-310d13c2
171 verbose tar unpack /home/andrrrl/.npm/serve-favicon/2.3.0/package.tgz
172 verbose tar unpacking to /var/www/html/andrrr/openshift/velours/node_modules/.staging/serve-favicon-03fdec87
173 silly gentlyRm /var/www/html/andrrr/openshift/velours/node_modules/.staging/serve-favicon-03fdec87 is being purged
174 verbose gentlyRm don't care about contents; nuking /var/www/html/andrrr/openshift/velours/node_modules/.staging/serve-favicon-03fdec87
175 verbose tar unpack /home/andrrrl/.npm/grunt-cli/1.2.0/package.tgz
176 verbose tar unpacking to /var/www/html/andrrr/openshift/velours/node_modules/.staging/grunt-cli-b20e9dc7
177 silly gentlyRm /var/www/html/andrrr/openshift/velours/node_modules/.staging/grunt-cli-b20e9dc7 is being purged
178 verbose gentlyRm don't care about contents; nuking /var/www/html/andrrr/openshift/velours/node_modules/.staging/grunt-cli-b20e9dc7
179 verbose tar unpack /home/andrrrl/.npm/grunt/1.0.1/package.tgz
180 verbose tar unpacking to /var/www/html/andrrr/openshift/velours/node_modules/.staging/grunt-04782bc7
181 silly gentlyRm /var/www/html/andrrr/openshift/velours/node_modules/.staging/grunt-04782bc7 is being purged
182 verbose gentlyRm don't care about contents; nuking /var/www/html/andrrr/openshift/velours/node_modules/.staging/grunt-04782bc7
183 silly gunzTarPerm modes [ '755', '644' ]
184 silly gunzTarPerm modes [ '755', '644' ]
185 silly gunzTarPerm modes [ '755', '644' ]
186 silly gunzTarPerm modes [ '755', '644' ]
187 silly gunzTarPerm extractEntry
188 silly gunzTarPerm extractEntry package.json
189 silly gunzTarPerm modified mode [ 'package.json', 438, 420 ]
190 silly gunzTarPerm extractEntry package.json
191 silly gunzTarPerm extractEntry package.json
192 silly gunzTarPerm extractEntry README.md
193 silly gunzTarPerm modified mode [ 'README.md', 438, 420 ]
194 silly gunzTarPerm extractEntry LICENSE
195 silly gunzTarPerm modified mode [ 'LICENSE', 438, 420 ]
196 silly gunzTarPerm extractEntry README.md
197 silly gunzTarPerm extractEntry CHANGELOG.md
198 silly gunzTarPerm extractEntry README.md
199 silly gunzTarPerm extractEntry LICENSE
200 silly gunzTarPerm extractEntry ejs.js
201 silly gunzTarPerm extractEntry ejs.min.js
202 silly gunzTarPerm extractEntry Jakefile
203 silly gunzTarPerm extractEntry lib/
204 silly gunzTarPerm extractEntry LICENSE
205 silly gunzTarPerm extractEntry package.json
206 silly gunzTarPerm extractEntry index.js
207 silly gunzTarPerm modified mode [ 'index.js', 438, 420 ]
208 silly gunzTarPerm extractEntry HISTORY.md
209 silly gunzTarPerm modified mode [ 'HISTORY.md', 438, 420 ]
210 silly gunzTarPerm extractEntry bin/grunt
211 silly gunzTarPerm extractEntry completion/bash
212 silly gunzTarPerm extractEntry CHANGELOG
213 silly gunzTarPerm extractEntry bin/grunt
214 silly gunzTarPerm extractEntry README.md
215 silly gunzTarPerm extractEntry test/
216 silly gunzTarPerm extractEntry test/ejs.js
217 silly gunzTarPerm extractEntry completion/zsh
218 silly gunzTarPerm extractEntry lib/cli.js
219 silly gunzTarPerm extractEntry lib/grunt.js
220 silly gunzTarPerm extractEntry lib/grunt/cli.js
221 silly gunzTarPerm extractEntry lib/grunt/config.js
222 silly gunzTarPerm extractEntry lib/grunt/event.js
223 silly gunzTarPerm extractEntry lib/grunt/fail.js
224 silly gunzTarPerm extractEntry lib/grunt/file.js
225 silly gunzTarPerm extractEntry lib/grunt/help.js
226 silly gunzTarPerm extractEntry lib/grunt/option.js
227 silly gunzTarPerm extractEntry lib/grunt/task.js
228 silly gunzTarPerm extractEntry lib/grunt/template.js
229 silly gunzTarPerm extractEntry lib/util/task.js
230 silly gunzTarPerm extractEntry lib/completion.js
231 silly gunzTarPerm extractEntry lib/info.js
232 silly gunzTarPerm extractEntry test/fixtures/
233 silly gunzTarPerm extractEntry test/mocha.opts
234 silly gunzTarPerm extractEntry test/fixtures/backslash.ejs
235 silly gunzTarPerm extractEntry test/fixtures/backslash.html
236 silly gunzTarPerm extractEntry test/fixtures/comments.ejs
237 silly gunzTarPerm extractEntry test/fixtures/comments.html
238 silly gunzTarPerm extractEntry test/fixtures/consecutive-tags.ejs
239 silly gunzTarPerm extractEntry test/fixtures/consecutive-tags.html
240 silly gunzTarPerm extractEntry test/fixtures/double-quote.ejs
241 silly gentlyRm /var/www/html/andrrr/openshift/velours/node_modules/.staging/serve-favicon-03fdec87/node_modules is being purged
242 verbose gentlyRm don't care about contents; nuking /var/www/html/andrrr/openshift/velours/node_modules/.staging/serve-favicon-03fdec87/node_modules
243 silly gunzTarPerm extractEntry test/fixtures/double-quote.html
244 silly gunzTarPerm extractEntry test/fixtures/error.ejs
245 silly gunzTarPerm extractEntry test/fixtures/error.out
246 silly gunzTarPerm extractEntry test/fixtures/fail.ejs
247 silly gunzTarPerm extractEntry test/fixtures/hello-world.ejs
248 silly gunzTarPerm extractEntry test/fixtures/include-abspath.ejs
249 silly gunzTarPerm extractEntry test/fixtures/include-simple.ejs
250 silly gunzTarPerm extractEntry test/fixtures/include-simple.html
251 silly gunzTarPerm extractEntry test/fixtures/include.css.ejs
252 silly gunzTarPerm extractEntry test/fixtures/include.css.html
253 silly gunzTarPerm extractEntry test/fixtures/include.ejs
254 silly gunzTarPerm extractEntry test/fixtures/include.html
255 silly gunzTarPerm extractEntry test/fixtures/include_cache.ejs
256 silly gunzTarPerm extractEntry test/fixtures/include_cache.html
257 silly gentlyRm /var/www/html/andrrr/openshift/velours/node_modules/.staging/grunt-cli-b20e9dc7/node_modules is being purged
258 verbose gentlyRm don't care about contents; nuking /var/www/html/andrrr/openshift/velours/node_modules/.staging/grunt-cli-b20e9dc7/node_modules
259 silly gunzTarPerm extractEntry test/fixtures/include_preprocessor.css.ejs
260 silly gunzTarPerm extractEntry test/fixtures/include_preprocessor.css.html
261 silly gunzTarPerm extractEntry test/fixtures/include_preprocessor.ejs
262 silly gunzTarPerm extractEntry test/fixtures/include_preprocessor.html
263 silly gunzTarPerm extractEntry test/fixtures/include_preprocessor_cache.ejs
264 silly gunzTarPerm extractEntry test/fixtures/include_preprocessor_cache.html
265 silly gunzTarPerm extractEntry test/fixtures/includes/
266 silly gunzTarPerm extractEntry test/fixtures/literal.ejs
267 silly gunzTarPerm extractEntry test/fixtures/literal.html
268 silly gunzTarPerm extractEntry test/fixtures/menu.ejs
269 silly gunzTarPerm extractEntry test/fixtures/menu.html
270 silly gunzTarPerm extractEntry test/fixtures/menu_preprocessor.ejs
271 silly gunzTarPerm extractEntry test/fixtures/menu_preprocessor.html
272 silly gunzTarPerm extractEntry test/fixtures/menu_var.ejs
273 silly gunzTarPerm extractEntry test/fixtures/messed.ejs
274 silly gunzTarPerm extractEntry test/fixtures/messed.html
275 silly gentlyRm /var/www/html/andrrr/openshift/velours/node_modules/.staging/grunt-04782bc7/node_modules is being purged
276 verbose gentlyRm don't care about contents; nuking /var/www/html/andrrr/openshift/velours/node_modules/.staging/grunt-04782bc7/node_modules
277 silly gunzTarPerm extractEntry test/fixtures/newlines.ejs
278 silly gunzTarPerm extractEntry test/fixtures/newlines.html
279 silly gunzTarPerm extractEntry test/fixtures/newlines.mixed.ejs
280 silly gunzTarPerm extractEntry test/fixtures/newlines.mixed.html
281 silly gunzTarPerm extractEntry test/fixtures/no.newlines.ejs
282 silly gunzTarPerm extractEntry test/fixtures/no.newlines.error.ejs
283 silly gunzTarPerm extractEntry test/fixtures/no.newlines.html
284 silly gunzTarPerm extractEntry test/fixtures/no.semicolons.ejs
285 silly gunzTarPerm extractEntry test/fixtures/no.semicolons.html
286 silly gunzTarPerm extractEntry test/fixtures/para.ejs
287 silly gunzTarPerm extractEntry test/fixtures/pet.ejs
288 silly gunzTarPerm extractEntry test/fixtures/rmWhitespace.ejs
289 silly gunzTarPerm extractEntry test/fixtures/rmWhitespace.html
290 silly gunzTarPerm extractEntry test/fixtures/single-quote.ejs
291 silly gunzTarPerm extractEntry test/fixtures/single-quote.html
292 silly gunzTarPerm extractEntry test/fixtures/space-and-tab-slurp.ejs
293 silly gunzTarPerm extractEntry test/fixtures/space-and-tab-slurp.html
294 silly gunzTarPerm extractEntry test/fixtures/style.css
295 silly gunzTarPerm extractEntry test/fixtures/user-no-with.ejs
296 silly gunzTarPerm extractEntry test/fixtures/user.ejs
297 silly gunzTarPerm extractEntry test/fixtures/with-context.ejs
298 silly gunzTarPerm extractEntry test/fixtures/includes/bom.ejs
299 silly gunzTarPerm extractEntry test/fixtures/includes/menu/
300 silly gunzTarPerm extractEntry test/fixtures/includes/menu-item.ejs
301 silly gunzTarPerm extractEntry test/fixtures/includes/menu/item.ejs
302 silly gunzTarPerm extractEntry lib/ejs.js
303 silly gunzTarPerm extractEntry lib/utils.js
304 silly gentlyRm /var/www/html/andrrr/openshift/velours/node_modules/.staging/ejs-310d13c2/node_modules is being purged
305 verbose gentlyRm don't care about contents; nuking /var/www/html/andrrr/openshift/velours/node_modules/.staging/ejs-310d13c2/node_modules
306 silly doParallel preinstall 4
307 silly preinstall grunt-cli@1.2.0 /var/www/html/andrrr/openshift/velours/node_modules/.staging/grunt-cli-b20e9dc7
308 info lifecycle grunt-cli@1.2.0~preinstall: grunt-cli@1.2.0
309 silly preinstall grunt@1.0.1 /var/www/html/andrrr/openshift/velours/node_modules/.staging/grunt-04782bc7
310 info lifecycle grunt@1.0.1~preinstall: grunt@1.0.1
311 silly preinstall ejs@2.4.2 /var/www/html/andrrr/openshift/velours/node_modules/.staging/ejs-310d13c2
312 info lifecycle ejs@2.4.2~preinstall: ejs@2.4.2
313 silly preinstall serve-favicon@2.3.0 /var/www/html/andrrr/openshift/velours/node_modules/.staging/serve-favicon-03fdec87
314 info lifecycle serve-favicon@2.3.0~preinstall: serve-favicon@2.3.0
315 silly lifecycle grunt-cli@1.2.0~preinstall: no script for preinstall, continuing
316 silly lifecycle grunt@1.0.1~preinstall: no script for preinstall, continuing
317 silly lifecycle ejs@2.4.2~preinstall: no script for preinstall, continuing
318 silly lifecycle serve-favicon@2.3.0~preinstall: no script for preinstall, continuing
319 silly doReverseSerial remove 0
320 silly doSerial move 0
321 silly doSerial finalize 4
322 silly finalize /var/www/html/andrrr/openshift/velours/node_modules/grunt/node_modules/grunt-cli
323 silly finalize /var/www/html/andrrr/openshift/velours/node_modules/grunt
324 verbose unlock done using /home/andrrrl/.npm/_locks/staging-1332e29901d9b89a.lock for /var/www/html/andrrr/openshift/velours/node_modules/.staging
325 silly rollbackFailedOptional Starting
326 silly rollbackFailedOptional Finishing
327 silly runTopLevelLifecycles Starting
328 silly runTopLevelLifecycles Finishing
329 silly install printInstalled
330 verbose stack Error: ENOTEMPTY: directory not empty, rename '/var/www/html/andrrr/openshift/velours/node_modules/grunt' -> '/var/www/html/andrrr/openshift/velours/node_modules/.grunt.DELETE'
330 verbose stack     at moveAway (/usr/lib/node_modules/npm/lib/install/action/finalize.js:38:5)
330 verbose stack     at destStatted (/usr/lib/node_modules/npm/lib/install/action/finalize.js:27:7)
330 verbose stack     at FSReqWrap.oncomplete (fs.js:117:15)
330 verbose stack
330 verbose stack Error: ENOTEMPTY: directory not empty, rename '/var/www/html/andrrr/openshift/velours/node_modules/grunt' -> '/var/www/html/andrrr/openshift/velours/node_modules/.grunt.DELETE'
330 verbose stack     at Error (native)
331 verbose cwd /var/www/html/andrrr/openshift/velours
332 error Linux 4.2.0-36-generic
333 error argv "/usr/bin/nodejs" "/usr/bin/npm" "install" "grunt" "--save-dev"
334 error node v6.2.1
335 error npm  v3.9.3
336 error path /var/www/html/andrrr/openshift/velours/node_modules/grunt
337 error code ENOTEMPTY
338 error errno -39
339 error syscall rename
340 error ENOTEMPTY: directory not empty, rename '/var/www/html/andrrr/openshift/velours/node_modules/grunt' -> '/var/www/html/andrrr/openshift/velours/node_modules/.grunt.DELETE'
341 error If you need help, you may report this error at:
341 error     <https://github.com/npm/npm/issues>
342 verbose exit [ -39, true ]
